ERROR 2017-10-16 19:58:49,638 63471ms ErrorLog               GetUserList        - Test Exception
ERROR 2017-10-16 20:12:57,004 24793ms ErrorLog               SaveDCR            - MySql.Data.MySqlClient.MySqlException (0x80004005): Incorrect date value: '/Date(1510165800000)/' for column 'client_customer_reg_date' at row 1
   at MySql.Data.MySqlClient.MySqlStream.ReadPacket()
   at MySql.Data.MySqlClient.NativeDriver.GetResult(Int32& affectedRow, Int64& insertedId)
   at MySql.Data.MySqlClient.Driver.GetResult(Int32 statementId, Int32& affectedRows, Int64& insertedId)
   at MySql.Data.MySqlClient.Driver.NextResult(Int32 statementId, Boolean force)
   at MySql.Data.MySqlClient.MySqlDataReader.NextResult()
   at MySql.Data.MySqlClient.MySqlCommand.ExecuteReader(CommandBehavior behavior)
   at MySql.Data.MySqlClient.MySqlCommand.ExecuteReader()
   at MySql.Data.MySqlClient.MySqlCommand.ExecuteNonQuery()
   at VPCRMSDAL.SaveDCR(String clientdate, String company, String firstname, String occupation, String primarycontact, String website, Decimal erevenue, String followupdate, String companyadd1, String companyadd2, String addresscity, String addressdist, String addressstate, String addresscountry, Decimal pincode, String remarks, Decimal assignedto, String companytype, String lastname, String email, Decimal alternatecontact, String status, String source, String saddress1, String saddress2, String scity, String sdistrict, String sstate, String scountry, Decimal spincode, String Mode, Decimal clientcustomerid) in d:\Projects\VPCRMS\App_Code\VPCRMSDAL.cs:line 870
ERROR 2017-10-16 20:12:57,504 25293ms ErrorLog               SaveDCR            - MySql.Data.MySqlClient.MySqlException (0x80004005): Incorrect date value: '/Date(1510165800000)/' for column 'client_customer_visit_date' at row 1
   at MySql.Data.MySqlClient.MySqlStream.ReadPacket()
   at MySql.Data.MySqlClient.NativeDriver.GetResult(Int32& affectedRow, Int64& insertedId)
   at MySql.Data.MySqlClient.Driver.GetResult(Int32 statementId, Int32& affectedRows, Int64& insertedId)
   at MySql.Data.MySqlClient.Driver.NextResult(Int32 statementId, Boolean force)
   at MySql.Data.MySqlClient.MySqlDataReader.NextResult()
   at MySql.Data.MySqlClient.MySqlCommand.ExecuteReader(CommandBehavior behavior)
   at MySql.Data.MySqlClient.MySqlCommand.ExecuteReader()
   at MySql.Data.MySqlClient.MySqlCommand.ExecuteNonQuery()
   at VPCRMSDAL.SaveDCR(String clientdate, String company, String firstname, String occupation, String primarycontact, String website, Decimal erevenue, String followupdate, String companyadd1, String companyadd2, String addresscity, String addressdist, String addressstate, String addresscountry, Decimal pincode, String remarks, Decimal assignedto, String companytype, String lastname, String email, Decimal alternatecontact, String status, String source, String saddress1, String saddress2, String scity, String sdistrict, String sstate, String scountry, Decimal spincode, String Mode, Decimal clientcustomerid) in d:\Projects\VPCRMS\App_Code\VPCRMSDAL.cs:line 927
ERROR 2017-10-16 20:14:01,532 89321ms ErrorLog               SaveDCR            - MySql.Data.MySqlClient.MySqlException (0x80004005): Incorrect date value: '/Date(1510165800000)/' for column 'client_customer_reg_date' at row 1
   at MySql.Data.MySqlClient.MySqlStream.ReadPacket()
   at MySql.Data.MySqlClient.NativeDriver.GetResult(Int32& affectedRow, Int64& insertedId)
   at MySql.Data.MySqlClient.Driver.GetResult(Int32 statementId, Int32& affectedRows, Int64& insertedId)
   at MySql.Data.MySqlClient.Driver.NextResult(Int32 statementId, Boolean force)
   at MySql.Data.MySqlClient.MySqlDataReader.NextResult()
   at MySql.Data.MySqlClient.MySqlCommand.ExecuteReader(CommandBehavior behavior)
   at MySql.Data.MySqlClient.MySqlCommand.ExecuteReader()
   at MySql.Data.MySqlClient.MySqlCommand.ExecuteNonQuery()
   at VPCRMSDAL.SaveDCR(String clientdate, String company, String firstname, String occupation, String primarycontact, String website, Decimal erevenue, String followupdate, String companyadd1, String companyadd2, String addresscity, String addressdist, String addressstate, String addresscountry, Decimal pincode, String remarks, Decimal assignedto, String companytype, String lastname, String email, Decimal alternatecontact, String status, String source, String saddress1, String saddress2, String scity, String sdistrict, String sstate, String scountry, Decimal spincode, String Mode, Decimal clientcustomerid) in d:\Projects\VPCRMS\App_Code\VPCRMSDAL.cs:line 870
ERROR 2017-10-16 20:14:02,016 89805ms ErrorLog               SaveDCR            - MySql.Data.MySqlClient.MySqlException (0x80004005): Incorrect date value: '/Date(1510165800000)/' for column 'client_customer_visit_date' at row 1
   at MySql.Data.MySqlClient.MySqlStream.ReadPacket()
   at MySql.Data.MySqlClient.NativeDriver.GetResult(Int32& affectedRow, Int64& insertedId)
   at MySql.Data.MySqlClient.Driver.GetResult(Int32 statementId, Int32& affectedRows, Int64& insertedId)
   at MySql.Data.MySqlClient.Driver.NextResult(Int32 statementId, Boolean force)
   at MySql.Data.MySqlClient.MySqlDataReader.NextResult()
   at MySql.Data.MySqlClient.MySqlCommand.ExecuteReader(CommandBehavior behavior)
   at MySql.Data.MySqlClient.MySqlCommand.ExecuteReader()
   at MySql.Data.MySqlClient.MySqlCommand.ExecuteNonQuery()
   at VPCRMSDAL.SaveDCR(String clientdate, String company, String firstname, String occupation, String primarycontact, String website, Decimal erevenue, String followupdate, String companyadd1, String companyadd2, String addresscity, String addressdist, String addressstate, String addresscountry, Decimal pincode, String remarks, Decimal assignedto, String companytype, String lastname, String email, Decimal alternatecontact, String status, String source, String saddress1, String saddress2, String scity, String sdistrict, String sstate, String scountry, Decimal spincode, String Mode, Decimal clientcustomerid) in d:\Projects\VPCRMS\App_Code\VPCRMSDAL.cs:line 927
