ERROR 2017-11-03 08:03:17,890 26303ms ErrorLog               etQuotationDetails - MySql.Data.MySqlClient.MySqlException (0x80004005): Unknown column 'a.clientcustomerid' in 'field list'
   at MySql.Data.MySqlClient.MySqlStream.ReadPacket()
   at MySql.Data.MySqlClient.NativeDriver.GetResult(Int32& affectedRow, Int64& insertedId)
   at MySql.Data.MySqlClient.Driver.GetResult(Int32 statementId, Int32& affectedRows, Int64& insertedId)
   at MySql.Data.MySqlClient.Driver.NextResult(Int32 statementId, Boolean force)
   at MySql.Data.MySqlClient.MySqlDataReader.NextResult()
   at MySql.Data.MySqlClient.MySqlCommand.ExecuteReader(CommandBehavior behavior)
   at MySql.Data.MySqlClient.MySqlCommand.ExecuteDbDataReader(CommandBehavior behavior)
   at System.Data.Common.DbCommand.System.Data.IDbCommand.ExecuteReader(CommandBehavior behavior)
   at System.Data.Common.DbDataAdapter.FillInternal(DataSet dataset, DataTable[] datatables, Int32 startRecord, Int32 maxRecords, String srcTable, IDbCommand command, CommandBehavior behavior)
   at System.Data.Common.DbDataAdapter.Fill(DataTable[] dataTables, Int32 startRecord, Int32 maxRecords, IDbCommand command, CommandBehavior behavior)
   at System.Data.Common.DbDataAdapter.Fill(DataTable dataTable)
   at VPCRMSDAL.GetQuotationDetails(Decimal UserID, String role) in d:\Projects\VPCRMS\App_Code\VPCRMSDAL.cs:line 468
ERROR 2017-11-03 18:32:11,310 22668ms ErrorLog               etQuotationDetails - MySql.Data.MySqlClient.MySqlException (0x80004005): Unknown column 'a.clientcustomerid' in 'field list'
   at MySql.Data.MySqlClient.MySqlStream.ReadPacket()
   at MySql.Data.MySqlClient.NativeDriver.GetResult(Int32& affectedRow, Int64& insertedId)
   at MySql.Data.MySqlClient.Driver.GetResult(Int32 statementId, Int32& affectedRows, Int64& insertedId)
   at MySql.Data.MySqlClient.Driver.NextResult(Int32 statementId, Boolean force)
   at MySql.Data.MySqlClient.MySqlDataReader.NextResult()
   at MySql.Data.MySqlClient.MySqlCommand.ExecuteReader(CommandBehavior behavior)
   at MySql.Data.MySqlClient.MySqlCommand.ExecuteDbDataReader(CommandBehavior behavior)
   at System.Data.Common.DbCommand.System.Data.IDbCommand.ExecuteReader(CommandBehavior behavior)
   at System.Data.Common.DbDataAdapter.FillInternal(DataSet dataset, DataTable[] datatables, Int32 startRecord, Int32 maxRecords, String srcTable, IDbCommand command, CommandBehavior behavior)
   at System.Data.Common.DbDataAdapter.Fill(DataTable[] dataTables, Int32 startRecord, Int32 maxRecords, IDbCommand command, CommandBehavior behavior)
   at System.Data.Common.DbDataAdapter.Fill(DataTable dataTable)
   at VPCRMSDAL.GetQuotationDetails(Decimal UserID, String role) in d:\Projects\VPCRMS\App_Code\VPCRMSDAL.cs:line 468
ERROR 2017-11-03 18:38:25,220 396578ms ErrorLog               otationDetailsbyID - MySql.Data.MySqlClient.MySqlException (0x80004005): Unknown column 'a.clientcustomerid' in 'field list'
   at MySql.Data.MySqlClient.MySqlStream.ReadPacket()
   at MySql.Data.MySqlClient.NativeDriver.GetResult(Int32& affectedRow, Int64& insertedId)
   at MySql.Data.MySqlClient.Driver.GetResult(Int32 statementId, Int32& affectedRows, Int64& insertedId)
   at MySql.Data.MySqlClient.Driver.NextResult(Int32 statementId, Boolean force)
   at MySql.Data.MySqlClient.MySqlDataReader.NextResult()
   at MySql.Data.MySqlClient.MySqlCommand.ExecuteReader(CommandBehavior behavior)
   at MySql.Data.MySqlClient.MySqlCommand.ExecuteDbDataReader(CommandBehavior behavior)
   at System.Data.Common.DbCommand.System.Data.IDbCommand.ExecuteReader(CommandBehavior behavior)
   at System.Data.Common.DbDataAdapter.FillInternal(DataSet dataset, DataTable[] datatables, Int32 startRecord, Int32 maxRecords, String srcTable, IDbCommand command, CommandBehavior behavior)
   at System.Data.Common.DbDataAdapter.Fill(DataTable[] dataTables, Int32 startRecord, Int32 maxRecords, IDbCommand command, CommandBehavior behavior)
   at System.Data.Common.DbDataAdapter.Fill(DataTable dataTable)
   at VPCRMSDAL.GetQuotationDetailsbyID(Decimal clientquoteid) in d:\Projects\VPCRMS\App_Code\VPCRMSDAL.cs:line 109
ERROR 2017-11-03 18:38:25,470 396828ms ErrorLog               nerateQuotationPDF - System.Threading.ThreadAbortException: Thread was being aborted.
   at System.Threading.Thread.AbortInternal()
   at System.Threading.Thread.Abort(Object stateInfo)
   at System.Web.HttpResponse.AbortCurrentThread()
   at System.Web.HttpResponse.End()
   at System.Web.HttpResponse.Redirect(String url, Boolean endResponse, Boolean permanent)
   at System.Web.HttpResponse.Redirect(String url)
   at VPCRMSDAL.GetQuotationDetailsbyID(Decimal clientquoteid) in d:\Projects\VPCRMS\App_Code\VPCRMSDAL.cs:line 117
   at VPCRMSBAL.GetQuotationDetailsbyID(Decimal clientquoteid) in d:\Projects\VPCRMS\App_Code\VPCRMSBAL.cs:line 41
   at Quotation.GenerateQuotationPDF(String customerquoteid) in d:\Projects\VPCRMS\Quotation.aspx.cs:line 123
