ERROR 2017-11-04 22:02:42,734 504045ms ErrorLog               SaveQuotationData  - MySql.Data.MySqlClient.MySqlException (0x80004005): Duplicate entry '1-1001100005' for key 'PRIMARY'
   at MySql.Data.MySqlClient.MySqlStream.ReadPacket()
   at MySql.Data.MySqlClient.NativeDriver.GetResult(Int32& affectedRow, Int64& insertedId)
   at MySql.Data.MySqlClient.Driver.GetResult(Int32 statementId, Int32& affectedRows, Int64& insertedId)
   at MySql.Data.MySqlClient.Driver.NextResult(Int32 statementId, Boolean force)
   at MySql.Data.MySqlClient.MySqlDataReader.NextResult()
   at MySql.Data.MySqlClient.MySqlCommand.ExecuteReader(CommandBehavior behavior)
   at MySql.Data.MySqlClient.MySqlCommand.ExecuteReader()
   at MySql.Data.MySqlClient.MySqlCommand.ExecuteNonQuery()
   at VPCRMSDAL.SaveQuotationData(Decimal clientcustomerid, Decimal clientquoteid, Decimal clientcustomeruser, String XML) in d:\Projects\VPCRMS\App_Code\VPCRMSDAL.cs:line 1058
ERROR 2017-11-04 22:12:59,020 103250ms ErrorLog               SaveQuotationData  - MySql.Data.MySqlClient.MySqlException (0x80004005): Duplicate entry '1001100007-CMS' for key 'PRIMARY'
   at MySql.Data.MySqlClient.MySqlStream.ReadPacket()
   at MySql.Data.MySqlClient.NativeDriver.GetResult(Int32& affectedRow, Int64& insertedId)
   at MySql.Data.MySqlClient.Driver.GetResult(Int32 statementId, Int32& affectedRows, Int64& insertedId)
   at MySql.Data.MySqlClient.Driver.NextResult(Int32 statementId, Boolean force)
   at MySql.Data.MySqlClient.MySqlDataReader.NextResult()
   at MySql.Data.MySqlClient.MySqlCommand.ExecuteReader(CommandBehavior behavior)
   at MySql.Data.MySqlClient.MySqlCommand.ExecuteReader()
   at MySql.Data.MySqlClient.MySqlCommand.ExecuteNonQuery()
   at VPCRMSDAL.SaveQuotationData(Decimal clientcustomerid, Decimal clientquoteid, Decimal clientcustomeruser, String XML) in d:\Projects\VPCRMS\App_Code\VPCRMSDAL.cs:line 1058
ERROR 2017-11-04 22:13:13,311 117542ms ErrorLog               SaveQuotationData  - MySql.Data.MySqlClient.MySqlException (0x80004005): Duplicate entry '1001100008-CMS' for key 'PRIMARY'
   at MySql.Data.MySqlClient.MySqlStream.ReadPacket()
   at MySql.Data.MySqlClient.NativeDriver.GetResult(Int32& affectedRow, Int64& insertedId)
   at MySql.Data.MySqlClient.Driver.GetResult(Int32 statementId, Int32& affectedRows, Int64& insertedId)
   at MySql.Data.MySqlClient.Driver.NextResult(Int32 statementId, Boolean force)
   at MySql.Data.MySqlClient.MySqlDataReader.NextResult()
   at MySql.Data.MySqlClient.MySqlCommand.ExecuteReader(CommandBehavior behavior)
   at MySql.Data.MySqlClient.MySqlCommand.ExecuteReader()
   at MySql.Data.MySqlClient.MySqlCommand.ExecuteNonQuery()
   at VPCRMSDAL.SaveQuotationData(Decimal clientcustomerid, Decimal clientquoteid, Decimal clientcustomeruser, String XML) in d:\Projects\VPCRMS\App_Code\VPCRMSDAL.cs:line 1058
ERROR 2017-11-04 22:14:34,367 198598ms ErrorLog               SaveQuotationData  - MySql.Data.MySqlClient.MySqlException (0x80004005): Duplicate entry '1001100009-CMS' for key 'PRIMARY'
   at MySql.Data.MySqlClient.MySqlStream.ReadPacket()
   at MySql.Data.MySqlClient.NativeDriver.GetResult(Int32& affectedRow, Int64& insertedId)
   at MySql.Data.MySqlClient.Driver.GetResult(Int32 statementId, Int32& affectedRows, Int64& insertedId)
   at MySql.Data.MySqlClient.Driver.NextResult(Int32 statementId, Boolean force)
   at MySql.Data.MySqlClient.MySqlDataReader.NextResult()
   at MySql.Data.MySqlClient.MySqlCommand.ExecuteReader(CommandBehavior behavior)
   at MySql.Data.MySqlClient.MySqlCommand.ExecuteReader()
   at MySql.Data.MySqlClient.MySqlCommand.ExecuteNonQuery()
   at VPCRMSDAL.SaveQuotationData(Decimal clientcustomerid, Decimal clientquoteid, Decimal clientcustomeruser, String XML) in d:\Projects\VPCRMS\App_Code\VPCRMSDAL.cs:line 1058
ERROR 2017-11-04 22:14:41,211 205441ms ErrorLog               SaveQuotationData  - MySql.Data.MySqlClient.MySqlException (0x80004005): Duplicate entry '1001100010-CMS' for key 'PRIMARY'
   at MySql.Data.MySqlClient.MySqlStream.ReadPacket()
   at MySql.Data.MySqlClient.NativeDriver.GetResult(Int32& affectedRow, Int64& insertedId)
   at MySql.Data.MySqlClient.Driver.GetResult(Int32 statementId, Int32& affectedRows, Int64& insertedId)
   at MySql.Data.MySqlClient.Driver.NextResult(Int32 statementId, Boolean force)
   at MySql.Data.MySqlClient.MySqlDataReader.NextResult()
   at MySql.Data.MySqlClient.MySqlCommand.ExecuteReader(CommandBehavior behavior)
   at MySql.Data.MySqlClient.MySqlCommand.ExecuteReader()
   at MySql.Data.MySqlClient.MySqlCommand.ExecuteNonQuery()
   at VPCRMSDAL.SaveQuotationData(Decimal clientcustomerid, Decimal clientquoteid, Decimal clientcustomeruser, String XML) in d:\Projects\VPCRMS\App_Code\VPCRMSDAL.cs:line 1058
ERROR 2017-11-04 22:21:28,379 612610ms ErrorLog               SaveQuotationData  - MySql.Data.MySqlClient.MySqlException (0x80004005): Duplicate entry '1001100011-CMS' for key 'PRIMARY'
   at MySql.Data.MySqlClient.MySqlStream.ReadPacket()
   at MySql.Data.MySqlClient.NativeDriver.GetResult(Int32& affectedRow, Int64& insertedId)
   at MySql.Data.MySqlClient.Driver.GetResult(Int32 statementId, Int32& affectedRows, Int64& insertedId)
   at MySql.Data.MySqlClient.Driver.NextResult(Int32 statementId, Boolean force)
   at MySql.Data.MySqlClient.MySqlDataReader.NextResult()
   at MySql.Data.MySqlClient.MySqlCommand.ExecuteReader(CommandBehavior behavior)
   at MySql.Data.MySqlClient.MySqlCommand.ExecuteReader()
   at MySql.Data.MySqlClient.MySqlCommand.ExecuteNonQuery()
   at VPCRMSDAL.SaveQuotationData(Decimal clientcustomerid, Decimal clientquoteid, Decimal clientcustomeruser, String XML) in d:\Projects\VPCRMS\App_Code\VPCRMSDAL.cs:line 1058
